{"/Users/andrew/dev/pipewarp/platform/packages/json-ref-binder/src/bind.ts": {"path":"/Users/andrew/dev/pipewarp/platform/packages/json-ref-binder/src/bind.ts","all":false,"statementMap":{"1":{"start":{"line":2,"column":0},"end":{"line":2,"column":24}},"7":{"start":{"line":8,"column":0},"end":{"line":8,"column":55}},"8":{"start":{"line":9,"column":0},"end":{"line":9,"column":14}},"9":{"start":{"line":10,"column":0},"end":{"line":10,"column":36}},"10":{"start":{"line":11,"column":0},"end":{"line":11,"column":10}},"11":{"start":{"line":12,"column":0},"end":{"line":12,"column":6}},"12":{"start":{"line":13,"column":0},"end":{"line":13,"column":32}},"14":{"start":{"line":15,"column":0},"end":{"line":15,"column":38}},"15":{"start":{"line":16,"column":0},"end":{"line":16,"column":27}},"16":{"start":{"line":17,"column":0},"end":{"line":17,"column":53}},"17":{"start":{"line":18,"column":0},"end":{"line":18,"column":52}},"18":{"start":{"line":19,"column":0},"end":{"line":19,"column":3}},"19":{"start":{"line":20,"column":0},"end":{"line":20,"column":15}},"20":{"start":{"line":21,"column":0},"end":{"line":21,"column":1}},"27":{"start":{"line":28,"column":0},"end":{"line":28,"column":30}},"28":{"start":{"line":29,"column":0},"end":{"line":29,"column":11}},"29":{"start":{"line":30,"column":0},"end":{"line":30,"column":48}},"30":{"start":{"line":31,"column":0},"end":{"line":31,"column":17}},"31":{"start":{"line":32,"column":0},"end":{"line":32,"column":3}},"32":{"start":{"line":33,"column":0},"end":{"line":33,"column":35}},"34":{"start":{"line":35,"column":0},"end":{"line":35,"column":34}},"35":{"start":{"line":36,"column":0},"end":{"line":36,"column":33}},"40":{"start":{"line":41,"column":0},"end":{"line":41,"column":56}},"41":{"start":{"line":42,"column":0},"end":{"line":42,"column":21}},"42":{"start":{"line":43,"column":0},"end":{"line":43,"column":49}},"44":{"start":{"line":45,"column":0},"end":{"line":45,"column":62}},"45":{"start":{"line":46,"column":0},"end":{"line":46,"column":56}},"46":{"start":{"line":47,"column":0},"end":{"line":47,"column":15}},"47":{"start":{"line":48,"column":0},"end":{"line":48,"column":34}},"48":{"start":{"line":49,"column":0},"end":{"line":49,"column":36}},"49":{"start":{"line":50,"column":0},"end":{"line":50,"column":22}},"50":{"start":{"line":51,"column":0},"end":{"line":51,"column":7}},"51":{"start":{"line":52,"column":0},"end":{"line":52,"column":60}},"52":{"start":{"line":53,"column":0},"end":{"line":53,"column":18}},"53":{"start":{"line":54,"column":0},"end":{"line":54,"column":3}},"55":{"start":{"line":56,"column":0},"end":{"line":56,"column":58}},"57":{"start":{"line":58,"column":0},"end":{"line":58,"column":6}},"58":{"start":{"line":59,"column":0},"end":{"line":59,"column":36}},"59":{"start":{"line":60,"column":0},"end":{"line":60,"column":33}},"60":{"start":{"line":61,"column":0},"end":{"line":61,"column":19}},"61":{"start":{"line":62,"column":0},"end":{"line":62,"column":5}},"62":{"start":{"line":63,"column":0},"end":{"line":63,"column":35}},"63":{"start":{"line":64,"column":0},"end":{"line":64,"column":48}},"65":{"start":{"line":66,"column":0},"end":{"line":66,"column":46}},"66":{"start":{"line":67,"column":0},"end":{"line":67,"column":70}},"67":{"start":{"line":68,"column":0},"end":{"line":68,"column":35}},"68":{"start":{"line":69,"column":0},"end":{"line":69,"column":34}},"70":{"start":{"line":71,"column":0},"end":{"line":71,"column":46}},"71":{"start":{"line":72,"column":0},"end":{"line":72,"column":3}},"72":{"start":{"line":73,"column":0},"end":{"line":73,"column":1}},"82":{"start":{"line":83,"column":0},"end":{"line":83,"column":74}},"83":{"start":{"line":84,"column":0},"end":{"line":84,"column":54}},"84":{"start":{"line":85,"column":0},"end":{"line":85,"column":23}},"85":{"start":{"line":86,"column":0},"end":{"line":86,"column":55}},"86":{"start":{"line":87,"column":0},"end":{"line":87,"column":42}},"87":{"start":{"line":88,"column":0},"end":{"line":88,"column":24}},"88":{"start":{"line":89,"column":0},"end":{"line":89,"column":62}},"89":{"start":{"line":90,"column":0},"end":{"line":90,"column":22}},"90":{"start":{"line":91,"column":0},"end":{"line":91,"column":1}}},"s":{"1":1,"7":1,"8":1,"9":1,"10":1,"11":1,"12":1,"14":1,"15":1,"16":2,"17":2,"18":2,"19":1,"20":1,"27":1,"28":6,"29":6,"30":6,"31":6,"32":6,"34":6,"35":6,"40":6,"41":17,"42":17,"44":17,"45":4,"46":4,"47":7,"48":7,"49":7,"50":7,"51":7,"52":7,"53":17,"55":6,"57":6,"58":6,"59":6,"60":6,"61":6,"62":6,"63":6,"65":6,"66":6,"67":0,"68":0,"70":0,"71":0,"72":6,"82":1,"83":10,"84":5,"85":5,"86":1,"87":4,"88":5,"89":5,"90":10},"branchMap":{"0":{"type":"branch","line":8,"loc":{"start":{"line":8,"column":7},"end":{"line":21,"column":1}},"locations":[{"start":{"line":8,"column":7},"end":{"line":21,"column":1}}]},"1":{"type":"branch","line":13,"loc":{"start":{"line":13,"column":20},"end":{"line":13,"column":32}},"locations":[{"start":{"line":13,"column":20},"end":{"line":13,"column":32}}]},"2":{"type":"branch","line":16,"loc":{"start":{"line":16,"column":26},"end":{"line":19,"column":3}},"locations":[{"start":{"line":16,"column":26},"end":{"line":19,"column":3}}]},"3":{"type":"branch","line":17,"loc":{"start":{"line":17,"column":44},"end":{"line":17,"column":53}},"locations":[{"start":{"line":17,"column":44},"end":{"line":17,"column":53}}]},"4":{"type":"branch","line":28,"loc":{"start":{"line":28,"column":7},"end":{"line":73,"column":1}},"locations":[{"start":{"line":28,"column":7},"end":{"line":73,"column":1}}]},"5":{"type":"branch","line":33,"loc":{"start":{"line":33,"column":28},"end":{"line":33,"column":35}},"locations":[{"start":{"line":33,"column":28},"end":{"line":33,"column":35}}]},"6":{"type":"branch","line":41,"loc":{"start":{"line":41,"column":55},"end":{"line":54,"column":3}},"locations":[{"start":{"line":41,"column":55},"end":{"line":54,"column":3}}]},"7":{"type":"branch","line":43,"loc":{"start":{"line":43,"column":43},"end":{"line":43,"column":49}},"locations":[{"start":{"line":43,"column":43},"end":{"line":43,"column":49}}]},"8":{"type":"branch","line":43,"loc":{"start":{"line":43,"column":43},"end":{"line":45,"column":37}},"locations":[{"start":{"line":43,"column":43},"end":{"line":45,"column":37}}]},"9":{"type":"branch","line":45,"loc":{"start":{"line":45,"column":25},"end":{"line":45,"column":61}},"locations":[{"start":{"line":45,"column":25},"end":{"line":45,"column":61}}]},"10":{"type":"branch","line":45,"loc":{"start":{"line":45,"column":61},"end":{"line":47,"column":15}},"locations":[{"start":{"line":45,"column":61},"end":{"line":47,"column":15}}]},"11":{"type":"branch","line":47,"loc":{"start":{"line":47,"column":4},"end":{"line":53,"column":18}},"locations":[{"start":{"line":47,"column":4},"end":{"line":53,"column":18}}]},"12":{"type":"branch","line":53,"loc":{"start":{"line":53,"column":4},"end":{"line":53,"column":18}},"locations":[{"start":{"line":53,"column":4},"end":{"line":53,"column":18}}]},"13":{"type":"branch","line":67,"loc":{"start":{"line":67,"column":2},"end":{"line":72,"column":3}},"locations":[{"start":{"line":67,"column":2},"end":{"line":72,"column":3}}]},"14":{"type":"branch","line":83,"loc":{"start":{"line":83,"column":7},"end":{"line":91,"column":1}},"locations":[{"start":{"line":83,"column":7},"end":{"line":91,"column":1}}]},"15":{"type":"branch","line":84,"loc":{"start":{"line":84,"column":10},"end":{"line":84,"column":53}},"locations":[{"start":{"line":84,"column":10},"end":{"line":84,"column":53}}]},"16":{"type":"branch","line":84,"loc":{"start":{"line":84,"column":53},"end":{"line":90,"column":22}},"locations":[{"start":{"line":84,"column":53},"end":{"line":90,"column":22}}]},"17":{"type":"branch","line":86,"loc":{"start":{"line":86,"column":23},"end":{"line":86,"column":55}},"locations":[{"start":{"line":86,"column":23},"end":{"line":86,"column":55}}]},"18":{"type":"branch","line":86,"loc":{"start":{"line":86,"column":54},"end":{"line":87,"column":42}},"locations":[{"start":{"line":86,"column":54},"end":{"line":87,"column":42}}]},"19":{"type":"branch","line":87,"loc":{"start":{"line":87,"column":41},"end":{"line":88,"column":24}},"locations":[{"start":{"line":87,"column":41},"end":{"line":88,"column":24}}]}},"b":{"0":[1],"1":[0],"2":[2],"3":[0],"4":[6],"5":[0],"6":[17],"7":[6],"8":[11],"9":[4],"10":[4],"11":[7],"12":[0],"13":[0],"14":[10],"15":[6],"16":[5],"17":[4],"18":[1],"19":[4]},"fnMap":{"0":{"name":"bindStepRefs","decl":{"start":{"line":8,"column":7},"end":{"line":21,"column":1}},"loc":{"start":{"line":8,"column":7},"end":{"line":21,"column":1}},"line":8},"1":{"name":"bindReference","decl":{"start":{"line":28,"column":7},"end":{"line":73,"column":1}},"loc":{"start":{"line":28,"column":7},"end":{"line":73,"column":1}},"line":28},"2":{"name":"interpolateRef","decl":{"start":{"line":83,"column":7},"end":{"line":91,"column":1}},"loc":{"start":{"line":83,"column":7},"end":{"line":91,"column":1}},"line":83}},"f":{"0":1,"1":6,"2":10}}
,"/Users/andrew/dev/pipewarp/platform/packages/json-ref-binder/src/resolve-path.ts": {"path":"/Users/andrew/dev/pipewarp/platform/packages/json-ref-binder/src/resolve-path.ts","all":false,"statementMap":{"10":{"start":{"line":11,"column":0},"end":{"line":11,"column":28}},"11":{"start":{"line":12,"column":0},"end":{"line":12,"column":13}},"12":{"start":{"line":13,"column":0},"end":{"line":13,"column":34}},"13":{"start":{"line":14,"column":0},"end":{"line":14,"column":12}},"14":{"start":{"line":15,"column":0},"end":{"line":15,"column":32}},"15":{"start":{"line":16,"column":0},"end":{"line":16,"column":29}},"16":{"start":{"line":17,"column":0},"end":{"line":17,"column":62}},"17":{"start":{"line":18,"column":0},"end":{"line":18,"column":56}},"18":{"start":{"line":19,"column":0},"end":{"line":19,"column":15}},"19":{"start":{"line":20,"column":0},"end":{"line":20,"column":34}},"20":{"start":{"line":21,"column":0},"end":{"line":21,"column":36}},"21":{"start":{"line":22,"column":0},"end":{"line":22,"column":22}},"22":{"start":{"line":23,"column":0},"end":{"line":23,"column":7}},"23":{"start":{"line":24,"column":0},"end":{"line":24,"column":60}},"24":{"start":{"line":25,"column":0},"end":{"line":25,"column":18}},"25":{"start":{"line":26,"column":0},"end":{"line":26,"column":3}},"26":{"start":{"line":27,"column":0},"end":{"line":27,"column":17}},"27":{"start":{"line":28,"column":0},"end":{"line":28,"column":1}},"29":{"start":{"line":30,"column":0},"end":{"line":30,"column":62}},"30":{"start":{"line":31,"column":0},"end":{"line":31,"column":30}},"31":{"start":{"line":32,"column":0},"end":{"line":32,"column":29}},"32":{"start":{"line":33,"column":0},"end":{"line":33,"column":62}},"33":{"start":{"line":34,"column":0},"end":{"line":34,"column":56}},"34":{"start":{"line":35,"column":0},"end":{"line":35,"column":15}},"35":{"start":{"line":36,"column":0},"end":{"line":36,"column":34}},"36":{"start":{"line":37,"column":0},"end":{"line":37,"column":36}},"37":{"start":{"line":38,"column":0},"end":{"line":38,"column":22}},"38":{"start":{"line":39,"column":0},"end":{"line":39,"column":7}},"39":{"start":{"line":40,"column":0},"end":{"line":40,"column":60}},"40":{"start":{"line":41,"column":0},"end":{"line":41,"column":18}},"41":{"start":{"line":42,"column":0},"end":{"line":42,"column":3}},"42":{"start":{"line":43,"column":0},"end":{"line":43,"column":17}},"43":{"start":{"line":44,"column":0},"end":{"line":44,"column":1}}},"s":{"10":1,"11":3,"12":3,"13":3,"14":3,"15":3,"16":9,"17":4,"18":4,"19":5,"20":5,"21":5,"22":5,"23":5,"24":5,"25":9,"26":3,"27":3,"29":1,"30":0,"31":0,"32":0,"33":0,"34":0,"35":0,"36":0,"37":0,"38":0,"39":0,"40":0,"41":0,"42":0,"43":0},"branchMap":{"0":{"type":"branch","line":11,"loc":{"start":{"line":11,"column":7},"end":{"line":28,"column":1}},"locations":[{"start":{"line":11,"column":7},"end":{"line":28,"column":1}}]},"1":{"type":"branch","line":16,"loc":{"start":{"line":16,"column":28},"end":{"line":26,"column":3}},"locations":[{"start":{"line":16,"column":28},"end":{"line":26,"column":3}}]},"2":{"type":"branch","line":17,"loc":{"start":{"line":17,"column":25},"end":{"line":17,"column":61}},"locations":[{"start":{"line":17,"column":25},"end":{"line":17,"column":61}}]},"3":{"type":"branch","line":17,"loc":{"start":{"line":17,"column":61},"end":{"line":19,"column":15}},"locations":[{"start":{"line":17,"column":61},"end":{"line":19,"column":15}}]},"4":{"type":"branch","line":19,"loc":{"start":{"line":19,"column":4},"end":{"line":25,"column":18}},"locations":[{"start":{"line":19,"column":4},"end":{"line":25,"column":18}}]},"5":{"type":"branch","line":25,"loc":{"start":{"line":25,"column":4},"end":{"line":25,"column":18}},"locations":[{"start":{"line":25,"column":4},"end":{"line":25,"column":18}}]}},"b":{"0":[3],"1":[9],"2":[4],"3":[4],"4":[5],"5":[0]},"fnMap":{"0":{"name":"resolvePath","decl":{"start":{"line":11,"column":7},"end":{"line":28,"column":1}},"loc":{"start":{"line":11,"column":7},"end":{"line":28,"column":1}},"line":11},"1":{"name":"resolveJsonPath","decl":{"start":{"line":30,"column":7},"end":{"line":44,"column":1}},"loc":{"start":{"line":30,"column":7},"end":{"line":44,"column":1}},"line":30}},"f":{"0":3,"1":0}}
}
